<?xml version="1.0" encoding="UTF-8"?>
<!-- Generated by org.testng.reporters.JUnitReportReporter -->
<testsuite skipped="0" hostname="HP_Laptop" name="com.tumblr.qa.testcases.LoginPageTest" tests="1" failures="0" timestamp="2020-08-17T11:50:03 IST" time="55.518" errors="0">
  <testcase name="loginfn" time="55.518" classname="com.tumblr.qa.testcases.LoginPageTest"/>
</testsuite> <!-- com.tumblr.qa.testcases.LoginPageTest -->
